2024-12-30 17:28:56 | Baslangic:  | Bitis:  | Tür:  | Kod:  | Durum:  | Kaynak:  | Veri Miktarý:  MB
2024-12-30 17:29:05 | Baslangic:  | Bitis:  | Tür:  | Kod:  | Durum:  | Kaynak:  | Veri Miktarý:  MB
2024-12-30 17:29:25 | Baslangic:  | Bitis:  | Tür:  | Kod:  | Durum:  | Kaynak:  | Veri Miktarý:  MB
2024-12-30 17:29:25 | Baslangic:  | Bitis:  | Tür:  | Kod:  | Durum:  | Kaynak:  | Veri Miktarý:  MB
2024-12-30 17:29:25 | Baslangic:  | Bitis:  | Tür:  | Kod:  | Durum:  | Kaynak:  | Veri Miktarý:  MB
2024-12-30 17:29:25 | Baslangic:  | Bitis:  | Tür:  | Kod:  | Durum:  | Kaynak:  | Veri Miktarý:  MB
2024-12-30 17:29:26 | Baslangic:  | Bitis:  | Tür:  | Kod:  | Durum:  | Kaynak:  | Veri Miktarý:  MB
2024-12-30 17:29:26 | Baslangic:  | Bitis:  | Tür:  | Kod:  | Durum:  | Kaynak:  | Veri Miktarý:  MB
2024-12-30 17:29:27 | Baslangic:  | Bitis:  | Tür:  | Kod:  | Durum:  | Kaynak:  | Veri Miktarý:  MB
2024-12-30 17:29:27 | Baslangic:  | Bitis:  | Tür:  | Kod:  | Durum:  | Kaynak:  | Veri Miktarý:  MB
2024-12-30 17:29:27 | Baslangic:  | Bitis:  | Tür:  | Kod:  | Durum:  | Kaynak:  | Veri Miktarý:  MB
2024-12-30 17:29:27 | Baslangic:  | Bitis:  | Tür:  | Kod:  | Durum:  | Kaynak:  | Veri Miktarý:  MB
2024-12-30 17:29:27 | Baslangic:  | Bitis:  | Tür:  | Kod:  | Durum:  | Kaynak:  | Veri Miktarý:  MB
2024-12-30 17:29:27 | Baslangic:  | Bitis:  | Tür:  | Kod:  | Durum:  | Kaynak:  | Veri Miktarý:  MB
2024-12-30 17:29:27 | Baslangic:  | Bitis:  | Tür:  | Kod:  | Durum:  | Kaynak:  | Veri Miktarý:  MB
2024-12-30 17:29:27 | Baslangic:  | Bitis:  | Tür:  | Kod:  | Durum:  | Kaynak:  | Veri Miktarý:  MB
2024-12-30 17:29:27 | Baslangic:  | Bitis:  | Tür:  | Kod:  | Durum:  | Kaynak:  | Veri Miktarý:  MB
2024-12-30 17:29:27 | Baslangic:  | Bitis:  | Tür:  | Kod:  | Durum:  | Kaynak:  | Veri Miktarý:  MB
2024-12-30 17:29:27 | Baslangic:  | Bitis:  | Tür:  | Kod:  | Durum:  | Kaynak:  | Veri Miktarý:  MB
2024-12-30 17:29:27 | Baslangic:  | Bitis:  | Tür:  | Kod:  | Durum:  | Kaynak:  | Veri Miktarý:  MB
2024-12-30 17:29:27 | Baslangic:  | Bitis:  | Tür:  | Kod:  | Durum:  | Kaynak:  | Veri Miktarý:  MB
2024-12-30 17:29:27 | Baslangic:  | Bitis:  | Tür:  | Kod:  | Durum:  | Kaynak:  | Veri Miktarý:  MB
2024-12-30 17:29:28 | Baslangic:  | Bitis:  | Tür:  | Kod:  | Durum:  | Kaynak:  | Veri Miktarý:  MB
2024-12-30 17:29:28 | Baslangic:  | Bitis:  | Tür:  | Kod:  | Durum:  | Kaynak:  | Veri Miktarý:  MB
2024-12-30 17:29:29 | Baslangic:  | Bitis:  | Tür:  | Kod:  | Durum:  | Kaynak:  | Veri Miktarý:  MB
2024-12-30 17:29:29 | Baslangic:  | Bitis:  | Tür:  | Kod:  | Durum:  | Kaynak:  | Veri Miktarý:  MB
2024-12-30 17:29:29 | Baslangic:  | Bitis:  | Tür:  | Kod:  | Durum:  | Kaynak:  | Veri Miktarý:  MB
2024-12-30 17:29:29 | Baslangic:  | Bitis:  | Tür:  | Kod:  | Durum:  | Kaynak:  | Veri Miktarý:  MB
2024-12-30 17:29:29 | Baslangic:  | Bitis:  | Tür:  | Kod:  | Durum:  | Kaynak:  | Veri Miktarý:  MB
2024-12-30 17:29:34 | Baslangic:  | Bitis:  | Tür:  | Kod:  | Durum:  | Kaynak:  | Veri Miktarý:  MB
2024-12-30 17:29:34 | Baslangic:  | Bitis:  | Tür:  | Kod:  | Durum:  | Kaynak:  | Veri Miktarý:  MB
2024-12-30 17:29:34 | Baslangic:  | Bitis:  | Tür:  | Kod:  | Durum:  | Kaynak:  | Veri Miktarý:  MB
2024-12-30 17:29:34 | Baslangic:  | Bitis:  | Tür:  | Kod:  | Durum:  | Kaynak:  | Veri Miktarý:  MB
2024-12-30 17:29:34 | Baslangic:  | Bitis:  | Tür:  | Kod:  | Durum:  | Kaynak:  | Veri Miktarý:  MB
2024-12-30 17:29:50 | Baslangic:  | Bitis:  | Tür:  | Kod:  | Durum:  | Kaynak:  | Veri Miktarý:  MB
2024-12-30 17:29:50 | Baslangic:  | Bitis:  | Tür:  | Kod:  | Durum:  | Kaynak:  | Veri Miktarý:  MB
2024-12-30 17:29:50 | Baslangic:  | Bitis:  | Tür:  | Kod:  | Durum:  | Kaynak:  | Veri Miktarý:  MB
2024-12-30 17:29:50 | Baslangic:  | Bitis:  | Tür:  | Kod:  | Durum:  | Kaynak:  | Veri Miktarý:  MB
2024-12-30 17:29:51 | Baslangic:  | Bitis:  | Tür:  | Kod:  | Durum:  | Kaynak:  | Veri Miktarý:  MB
2024-12-30 17:29:51 | Baslangic:  | Bitis:  | Tür:  | Kod:  | Durum:  | Kaynak:  | Veri Miktarý:  MB
2024-12-30 17:29:51 | Baslangic:  | Bitis:  | Tür:  | Kod:  | Durum:  | Kaynak:  | Veri Miktarý:  MB
2024-12-30 17:29:51 | Baslangic:  | Bitis:  | Tür:  | Kod:  | Durum:  | Kaynak:  | Veri Miktarý:  MB
2024-12-30 17:29:51 | Baslangic:  | Bitis:  | Tür:  | Kod:  | Durum:  | Kaynak:  | Veri Miktarý:  MB
2024-12-30 17:29:51 | Baslangic:  | Bitis:  | Tür:  | Kod:  | Durum:  | Kaynak:  | Veri Miktarý:  MB
2024-12-30 17:29:51 | Baslangic:  | Bitis:  | Tür:  | Kod:  | Durum:  | Kaynak:  | Veri Miktarý:  MB
2024-12-30 17:29:51 | Baslangic:  | Bitis:  | Tür:  | Kod:  | Durum:  | Kaynak:  | Veri Miktarý:  MB
2024-12-30 17:29:52 | Baslangic:  | Bitis:  | Tür:  | Kod:  | Durum:  | Kaynak:  | Veri Miktarý:  MB
2024-12-30 17:29:52 | Baslangic:  | Bitis:  | Tür:  | Kod:  | Durum:  | Kaynak:  | Veri Miktarý:  MB
2024-12-30 17:29:52 | Baslangic:  | Bitis:  | Tür:  | Kod:  | Durum:  | Kaynak:  | Veri Miktarý:  MB
2024-12-30 17:29:52 | Baslangic:  | Bitis:  | Tür:  | Kod:  | Durum:  | Kaynak:  | Veri Miktarý:  MB
2024-12-30 17:29:52 | Baslangic:  | Bitis:  | Tür:  | Kod:  | Durum:  | Kaynak:  | Veri Miktarý:  MB
2024-12-30 17:29:52 | Baslangic:  | Bitis:  | Tür:  | Kod:  | Durum:  | Kaynak:  | Veri Miktarý:  MB
2024-12-30 17:29:52 | Baslangic:  | Bitis:  | Tür:  | Kod:  | Durum:  | Kaynak:  | Veri Miktarý:  MB
2024-12-30 17:29:52 | Baslangic:  | Bitis:  | Tür:  | Kod:  | Durum:  | Kaynak:  | Veri Miktarý:  MB
2024-12-30 17:29:53 | Baslangic:  | Bitis:  | Tür:  | Kod:  | Durum:  | Kaynak:  | Veri Miktarý:  MB
2024-12-30 17:29:53 | Baslangic:  | Bitis:  | Tür:  | Kod:  | Durum:  | Kaynak:  | Veri Miktarý:  MB
2024-12-30 17:29:54 | Baslangic:  | Bitis:  | Tür:  | Kod:  | Durum:  | Kaynak:  | Veri Miktarý:  MB
2024-12-30 17:29:54 | Baslangic:  | Bitis:  | Tür:  | Kod:  | Durum:  | Kaynak:  | Veri Miktarý:  MB
2024-12-30 17:29:54 | Baslangic:  | Bitis:  | Tür:  | Kod:  | Durum:  | Kaynak:  | Veri Miktarý:  MB
2024-12-30 17:29:54 | Baslangic:  | Bitis:  | Tür:  | Kod:  | Durum:  | Kaynak:  | Veri Miktarý:  MB
2024-12-30 17:29:54 | Baslangic:  | Bitis:  | Tür:  | Kod:  | Durum:  | Kaynak:  | Veri Miktarý:  MB
2024-12-30 17:30:03 | Baslangic:  | Bitis:  | Tür:  | Kod:  | Durum:  | Kaynak:  | Veri Miktarý:  MB
2024-12-30 17:30:03 | Baslangic:  | Bitis:  | Tür:  | Kod:  | Durum:  | Kaynak:  | Veri Miktarý:  MB
2024-12-30 17:30:03 | Baslangic:  | Bitis:  | Tür:  | Kod:  | Durum:  | Kaynak:  | Veri Miktarý:  MB
2024-12-30 17:30:03 | Baslangic:  | Bitis:  | Tür:  | Kod:  | Durum:  | Kaynak:  | Veri Miktarý:  MB
java.lang.IllegalArgumentException: The given id must not be null
	at org.springframework.util.Assert.notNull(Assert.java:181)
	at org.springframework.data.jpa.repository.support.SimpleJpaRepository.findById(SimpleJpaRepository.java:311)
	at java.base/jdk.internal.reflect.NativeMethodAccessorImpl.invoke0(Native Method)
	at java.base/jdk.internal.reflect.NativeMethodAccessorImpl.invoke(NativeMethodAccessorImpl.java:77)
	at java.base/jdk.internal.reflect.DelegatingMethodAccessorImpl.invoke(DelegatingMethodAccessorImpl.java:43)
	at java.base/java.lang.reflect.Method.invoke(Method.java:568)
	at org.springframework.aop.support.AopUtils.invokeJoinpointUsingReflection(AopUtils.java:359)
	at org.springframework.data.repository.core.support.RepositoryMethodInvoker$RepositoryFragmentMethodInvoker.lambda$new$0(RepositoryMethodInvoker.java:277)
	at org.springframework.data.repository.core.support.RepositoryMethodInvoker.doInvoke(RepositoryMethodInvoker.java:170)
	at org.springframework.data.repository.core.support.RepositoryMethodInvoker.invoke(RepositoryMethodInvoker.java:158)
	at org.springframework.data.repository.core.support.RepositoryComposition$RepositoryFragments.invoke(RepositoryComposition.java:515)
	at org.springframework.data.repository.core.support.RepositoryComposition.invoke(RepositoryComposition.java:284)
	at org.springframework.data.repository.core.support.RepositoryFactorySupport$ImplementationMethodExecutionInterceptor.invoke(RepositoryFactorySupport.java:752)
	at org.springframework.aop.framework.ReflectiveMethodInvocation.proceed(ReflectiveMethodInvocation.java:184)
	at org.springframework.data.repository.core.support.QueryExecutorMethodInterceptor.doInvoke(QueryExecutorMethodInterceptor.java:174)
	at org.springframework.data.repository.core.support.QueryExecutorMethodInterceptor.invoke(QueryExecutorMethodInterceptor.java:149)
	at org.springframework.aop.framework.ReflectiveMethodInvocation.proceed(ReflectiveMethodInvocation.java:184)
	at org.springframework.data.projection.DefaultMethodInvokingMethodInterceptor.invoke(DefaultMethodInvokingMethodInterceptor.java:69)
	at org.springframework.aop.framework.ReflectiveMethodInvocation.proceed(ReflectiveMethodInvocation.java:184)
	at org.springframework.transaction.interceptor.TransactionAspectSupport.invokeWithinTransaction(TransactionAspectSupport.java:380)
	at org.springframework.transaction.interceptor.TransactionInterceptor.invoke(TransactionInterceptor.java:119)
	at org.springframework.aop.framework.ReflectiveMethodInvocation.proceed(ReflectiveMethodInvocation.java:184)
	at org.springframework.dao.support.PersistenceExceptionTranslationInterceptor.invoke(PersistenceExceptionTranslationInterceptor.java:138)
	at org.springframework.aop.framework.ReflectiveMethodInvocation.proceed(ReflectiveMethodInvocation.java:184)
	at org.springframework.data.jpa.repository.support.CrudMethodMetadataPostProcessor$CrudMethodMetadataPopulatingMethodInterceptor.invoke(CrudMethodMetadataPostProcessor.java:165)
	at org.springframework.aop.framework.ReflectiveMethodInvocation.proceed(ReflectiveMethodInvocation.java:184)
	at org.springframework.aop.framework.JdkDynamicAopProxy.invoke(JdkDynamicAopProxy.java:223)
	at jdk.proxy4/jdk.proxy4.$Proxy135.findById(Unknown Source)
	at com.mehmetvasfi.service.impl.UserService.getUsernameById(UserService.java:145)
	at com.mehmetvasfi.controller.impl.UserController.getUsernameById(UserController.java:104)
	at java.base/jdk.internal.reflect.NativeMethodAccessorImpl.invoke0(Native Method)
	at java.base/jdk.internal.reflect.NativeMethodAccessorImpl.invoke(NativeMethodAccessorImpl.java:77)
	at java.base/jdk.internal.reflect.DelegatingMethodAccessorImpl.invoke(DelegatingMethodAccessorImpl.java:43)
	at java.base/java.lang.reflect.Method.invoke(Method.java:568)
	at org.springframework.web.method.support.InvocableHandlerMethod.doInvoke(InvocableHandlerMethod.java:257)
	at org.springframework.web.method.support.InvocableHandlerMethod.invokeForRequest(InvocableHandlerMethod.java:190)
	at org.springframework.web.servlet.mvc.method.annotation.ServletInvocableHandlerMethod.invokeAndHandle(ServletInvocableHandlerMethod.java:118)
	at org.springframework.web.servlet.mvc.method.annotation.RequestMappingHandlerAdapter.invokeHandlerMethod(RequestMappingHandlerAdapter.java:986)
	at org.springframework.web.servlet.mvc.method.annotation.RequestMappingHandlerAdapter.handleInternal(RequestMappingHandlerAdapter.java:891)
	at org.springframework.web.servlet.mvc.method.AbstractHandlerMethodAdapter.handle(AbstractHandlerMethodAdapter.java:87)
	at org.springframework.web.servlet.DispatcherServlet.doDispatch(DispatcherServlet.java:1088)
	at org.springframework.web.servlet.DispatcherServlet.doService(DispatcherServlet.java:978)
	at org.springframework.web.servlet.FrameworkServlet.processRequest(FrameworkServlet.java:1014)
	at org.springframework.web.servlet.FrameworkServlet.doPost(FrameworkServlet.java:914)
	at jakarta.servlet.http.HttpServlet.service(HttpServlet.java:590)
	at org.springframework.web.servlet.FrameworkServlet.service(FrameworkServlet.java:885)
	at jakarta.servlet.http.HttpServlet.service(HttpServlet.java:658)
	at org.apache.catalina.core.ApplicationFilterChain.internalDoFilter(ApplicationFilterChain.java:195)
	at org.apache.catalina.core.ApplicationFilterChain.doFilter(ApplicationFilterChain.java:140)
	at org.apache.tomcat.websocket.server.WsFilter.doFilter(WsFilter.java:51)
	at org.apache.catalina.core.ApplicationFilterChain.internalDoFilter(ApplicationFilterChain.java:164)
	at org.apache.catalina.core.ApplicationFilterChain.doFilter(ApplicationFilterChain.java:140)
	at org.springframework.web.filter.RequestContextFilter.doFilterInternal(RequestContextFilter.java:100)
	at org.springframework.web.filter.OncePerRequestFilter.doFilter(OncePerRequestFilter.java:116)
	at org.apache.catalina.core.ApplicationFilterChain.internalDoFilter(ApplicationFilterChain.java:164)
	at org.apache.catalina.core.ApplicationFilterChain.doFilter(ApplicationFilterChain.java:140)
	at org.springframework.web.filter.FormContentFilter.doFilterInternal(FormContentFilter.java:93)
	at org.springframework.web.filter.OncePerRequestFilter.doFilter(OncePerRequestFilter.java:116)
	at org.apache.catalina.core.ApplicationFilterChain.internalDoFilter(ApplicationFilterChain.java:164)
	at org.apache.catalina.core.ApplicationFilterChain.doFilter(ApplicationFilterChain.java:140)
	at org.springframework.web.filter.CharacterEncodingFilter.doFilterInternal(CharacterEncodingFilter.java:201)
	at org.springframework.web.filter.OncePerRequestFilter.doFilter(OncePerRequestFilter.java:116)
	at org.apache.catalina.core.ApplicationFilterChain.internalDoFilter(ApplicationFilterChain.java:164)
	at org.apache.catalina.core.ApplicationFilterChain.doFilter(ApplicationFilterChain.java:140)
	at org.apache.catalina.core.StandardWrapperValve.invoke(StandardWrapperValve.java:167)
	at org.apache.catalina.core.StandardContextValve.invoke(StandardContextValve.java:90)
	at org.apache.catalina.authenticator.AuthenticatorBase.invoke(AuthenticatorBase.java:483)
	at org.apache.catalina.core.StandardHostValve.invoke(StandardHostValve.java:115)
	at org.apache.catalina.valves.ErrorReportValve.invoke(ErrorReportValve.java:93)
	at org.apache.catalina.core.StandardEngineValve.invoke(StandardEngineValve.java:74)
	at org.apache.catalina.connector.CoyoteAdapter.service(CoyoteAdapter.java:344)
	at org.apache.coyote.http11.Http11Processor.service(Http11Processor.java:397)
	at org.apache.coyote.AbstractProcessorLight.process(AbstractProcessorLight.java:63)
	at org.apache.coyote.AbstractProtocol$ConnectionHandler.process(AbstractProtocol.java:905)
	at org.apache.tomcat.util.net.NioEndpoint$SocketProcessor.doRun(NioEndpoint.java:1741)
	at org.apache.tomcat.util.net.SocketProcessorBase.run(SocketProcessorBase.java:52)
	at org.apache.tomcat.util.threads.ThreadPoolExecutor.runWorker(ThreadPoolExecutor.java:1190)
	at org.apache.tomcat.util.threads.ThreadPoolExecutor$Worker.run(ThreadPoolExecutor.java:659)
	at org.apache.tomcat.util.threads.TaskThread$WrappingRunnable.run(TaskThread.java:63)
	at java.base/java.lang.Thread.run(Thread.java:842)
2024-12-30 17:30:03 | Baslangic:  | Bitis:  | Tür:  | Kod:  | Durum:  | Kaynak:  | Veri Miktarý:  MB
java.lang.IllegalArgumentException: The given id must not be null
	at org.springframework.util.Assert.notNull(Assert.java:181)
	at org.springframework.data.jpa.repository.support.SimpleJpaRepository.findById(SimpleJpaRepository.java:311)
	at java.base/jdk.internal.reflect.NativeMethodAccessorImpl.invoke0(Native Method)
	at java.base/jdk.internal.reflect.NativeMethodAccessorImpl.invoke(NativeMethodAccessorImpl.java:77)
	at java.base/jdk.internal.reflect.DelegatingMethodAccessorImpl.invoke(DelegatingMethodAccessorImpl.java:43)
	at java.base/java.lang.reflect.Method.invoke(Method.java:568)
	at org.springframework.aop.support.AopUtils.invokeJoinpointUsingReflection(AopUtils.java:359)
	at org.springframework.data.repository.core.support.RepositoryMethodInvoker$RepositoryFragmentMethodInvoker.lambda$new$0(RepositoryMethodInvoker.java:277)
	at org.springframework.data.repository.core.support.RepositoryMethodInvoker.doInvoke(RepositoryMethodInvoker.java:170)
	at org.springframework.data.repository.core.support.RepositoryMethodInvoker.invoke(RepositoryMethodInvoker.java:158)
	at org.springframework.data.repository.core.support.RepositoryComposition$RepositoryFragments.invoke(RepositoryComposition.java:515)
	at org.springframework.data.repository.core.support.RepositoryComposition.invoke(RepositoryComposition.java:284)
	at org.springframework.data.repository.core.support.RepositoryFactorySupport$ImplementationMethodExecutionInterceptor.invoke(RepositoryFactorySupport.java:752)
	at org.springframework.aop.framework.ReflectiveMethodInvocation.proceed(ReflectiveMethodInvocation.java:184)
	at org.springframework.data.repository.core.support.QueryExecutorMethodInterceptor.doInvoke(QueryExecutorMethodInterceptor.java:174)
	at org.springframework.data.repository.core.support.QueryExecutorMethodInterceptor.invoke(QueryExecutorMethodInterceptor.java:149)
	at org.springframework.aop.framework.ReflectiveMethodInvocation.proceed(ReflectiveMethodInvocation.java:184)
	at org.springframework.data.projection.DefaultMethodInvokingMethodInterceptor.invoke(DefaultMethodInvokingMethodInterceptor.java:69)
	at org.springframework.aop.framework.ReflectiveMethodInvocation.proceed(ReflectiveMethodInvocation.java:184)
	at org.springframework.transaction.interceptor.TransactionAspectSupport.invokeWithinTransaction(TransactionAspectSupport.java:380)
	at org.springframework.transaction.interceptor.TransactionInterceptor.invoke(TransactionInterceptor.java:119)
	at org.springframework.aop.framework.ReflectiveMethodInvocation.proceed(ReflectiveMethodInvocation.java:184)
	at org.springframework.dao.support.PersistenceExceptionTranslationInterceptor.invoke(PersistenceExceptionTranslationInterceptor.java:138)
	at org.springframework.aop.framework.ReflectiveMethodInvocation.proceed(ReflectiveMethodInvocation.java:184)
	at org.springframework.data.jpa.repository.support.CrudMethodMetadataPostProcessor$CrudMethodMetadataPopulatingMethodInterceptor.invoke(CrudMethodMetadataPostProcessor.java:165)
	at org.springframework.aop.framework.ReflectiveMethodInvocation.proceed(ReflectiveMethodInvocation.java:184)
	at org.springframework.aop.framework.JdkDynamicAopProxy.invoke(JdkDynamicAopProxy.java:223)
	at jdk.proxy4/jdk.proxy4.$Proxy135.findById(Unknown Source)
	at com.mehmetvasfi.service.impl.UserService.getUsernameById(UserService.java:145)
	at com.mehmetvasfi.controller.impl.UserController.getUsernameById(UserController.java:104)
	at java.base/jdk.internal.reflect.NativeMethodAccessorImpl.invoke0(Native Method)
	at java.base/jdk.internal.reflect.NativeMethodAccessorImpl.invoke(NativeMethodAccessorImpl.java:77)
	at java.base/jdk.internal.reflect.DelegatingMethodAccessorImpl.invoke(DelegatingMethodAccessorImpl.java:43)
	at java.base/java.lang.reflect.Method.invoke(Method.java:568)
	at org.springframework.web.method.support.InvocableHandlerMethod.doInvoke(InvocableHandlerMethod.java:257)
	at org.springframework.web.method.support.InvocableHandlerMethod.invokeForRequest(InvocableHandlerMethod.java:190)
	at org.springframework.web.servlet.mvc.method.annotation.ServletInvocableHandlerMethod.invokeAndHandle(ServletInvocableHandlerMethod.java:118)
	at org.springframework.web.servlet.mvc.method.annotation.RequestMappingHandlerAdapter.invokeHandlerMethod(RequestMappingHandlerAdapter.java:986)
	at org.springframework.web.servlet.mvc.method.annotation.RequestMappingHandlerAdapter.handleInternal(RequestMappingHandlerAdapter.java:891)
	at org.springframework.web.servlet.mvc.method.AbstractHandlerMethodAdapter.handle(AbstractHandlerMethodAdapter.java:87)
	at org.springframework.web.servlet.DispatcherServlet.doDispatch(DispatcherServlet.java:1088)
	at org.springframework.web.servlet.DispatcherServlet.doService(DispatcherServlet.java:978)
	at org.springframework.web.servlet.FrameworkServlet.processRequest(FrameworkServlet.java:1014)
	at org.springframework.web.servlet.FrameworkServlet.doPost(FrameworkServlet.java:914)
	at jakarta.servlet.http.HttpServlet.service(HttpServlet.java:590)
	at org.springframework.web.servlet.FrameworkServlet.service(FrameworkServlet.java:885)
	at jakarta.servlet.http.HttpServlet.service(HttpServlet.java:658)
	at org.apache.catalina.core.ApplicationFilterChain.internalDoFilter(ApplicationFilterChain.java:195)
	at org.apache.catalina.core.ApplicationFilterChain.doFilter(ApplicationFilterChain.java:140)
	at org.apache.tomcat.websocket.server.WsFilter.doFilter(WsFilter.java:51)
	at org.apache.catalina.core.ApplicationFilterChain.internalDoFilter(ApplicationFilterChain.java:164)
	at org.apache.catalina.core.ApplicationFilterChain.doFilter(ApplicationFilterChain.java:140)
	at org.springframework.web.filter.RequestContextFilter.doFilterInternal(RequestContextFilter.java:100)
	at org.springframework.web.filter.OncePerRequestFilter.doFilter(OncePerRequestFilter.java:116)
	at org.apache.catalina.core.ApplicationFilterChain.internalDoFilter(ApplicationFilterChain.java:164)
	at org.apache.catalina.core.ApplicationFilterChain.doFilter(ApplicationFilterChain.java:140)
	at org.springframework.web.filter.FormContentFilter.doFilterInternal(FormContentFilter.java:93)
	at org.springframework.web.filter.OncePerRequestFilter.doFilter(OncePerRequestFilter.java:116)
	at org.apache.catalina.core.ApplicationFilterChain.internalDoFilter(ApplicationFilterChain.java:164)
	at org.apache.catalina.core.ApplicationFilterChain.doFilter(ApplicationFilterChain.java:140)
	at org.springframework.web.filter.CharacterEncodingFilter.doFilterInternal(CharacterEncodingFilter.java:201)
	at org.springframework.web.filter.OncePerRequestFilter.doFilter(OncePerRequestFilter.java:116)
	at org.apache.catalina.core.ApplicationFilterChain.internalDoFilter(ApplicationFilterChain.java:164)
	at org.apache.catalina.core.ApplicationFilterChain.doFilter(ApplicationFilterChain.java:140)
	at org.apache.catalina.core.StandardWrapperValve.invoke(StandardWrapperValve.java:167)
	at org.apache.catalina.core.StandardContextValve.invoke(StandardContextValve.java:90)
	at org.apache.catalina.authenticator.AuthenticatorBase.invoke(AuthenticatorBase.java:483)
	at org.apache.catalina.core.StandardHostValve.invoke(StandardHostValve.java:115)
	at org.apache.catalina.valves.ErrorReportValve.invoke(ErrorReportValve.java:93)
	at org.apache.catalina.core.StandardEngineValve.invoke(StandardEngineValve.java:74)
	at org.apache.catalina.connector.CoyoteAdapter.service(CoyoteAdapter.java:344)
	at org.apache.coyote.http11.Http11Processor.service(Http11Processor.java:397)
	at org.apache.coyote.AbstractProcessorLight.process(AbstractProcessorLight.java:63)
	at org.apache.coyote.AbstractProtocol$ConnectionHandler.process(AbstractProtocol.java:905)
	at org.apache.tomcat.util.net.NioEndpoint$SocketProcessor.doRun(NioEndpoint.java:1741)
	at org.apache.tomcat.util.net.SocketProcessorBase.run(SocketProcessorBase.java:52)
	at org.apache.tomcat.util.threads.ThreadPoolExecutor.runWorker(ThreadPoolExecutor.java:1190)
	at org.apache.tomcat.util.threads.ThreadPoolExecutor$Worker.run(ThreadPoolExecutor.java:659)
	at org.apache.tomcat.util.threads.TaskThread$WrappingRunnable.run(TaskThread.java:63)
	at java.base/java.lang.Thread.run(Thread.java:842)
2024-12-30 17:30:03 | Baslangic:  | Bitis:  | Tür:  | Kod:  | Durum:  | Kaynak:  | Veri Miktarý:  MB
java.lang.IllegalArgumentException: The given id must not be null
	at org.springframework.util.Assert.notNull(Assert.java:181)
	at org.springframework.data.jpa.repository.support.SimpleJpaRepository.findById(SimpleJpaRepository.java:311)
	at java.base/jdk.internal.reflect.NativeMethodAccessorImpl.invoke0(Native Method)
	at java.base/jdk.internal.reflect.NativeMethodAccessorImpl.invoke(NativeMethodAccessorImpl.java:77)
	at java.base/jdk.internal.reflect.DelegatingMethodAccessorImpl.invoke(DelegatingMethodAccessorImpl.java:43)
	at java.base/java.lang.reflect.Method.invoke(Method.java:568)
	at org.springframework.aop.support.AopUtils.invokeJoinpointUsingReflection(AopUtils.java:359)
	at org.springframework.data.repository.core.support.RepositoryMethodInvoker$RepositoryFragmentMethodInvoker.lambda$new$0(RepositoryMethodInvoker.java:277)
	at org.springframework.data.repository.core.support.RepositoryMethodInvoker.doInvoke(RepositoryMethodInvoker.java:170)
	at org.springframework.data.repository.core.support.RepositoryMethodInvoker.invoke(RepositoryMethodInvoker.java:158)
	at org.springframework.data.repository.core.support.RepositoryComposition$RepositoryFragments.invoke(RepositoryComposition.java:515)
	at org.springframework.data.repository.core.support.RepositoryComposition.invoke(RepositoryComposition.java:284)
	at org.springframework.data.repository.core.support.RepositoryFactorySupport$ImplementationMethodExecutionInterceptor.invoke(RepositoryFactorySupport.java:752)
	at org.springframework.aop.framework.ReflectiveMethodInvocation.proceed(ReflectiveMethodInvocation.java:184)
	at org.springframework.data.repository.core.support.QueryExecutorMethodInterceptor.doInvoke(QueryExecutorMethodInterceptor.java:174)
	at org.springframework.data.repository.core.support.QueryExecutorMethodInterceptor.invoke(QueryExecutorMethodInterceptor.java:149)
	at org.springframework.aop.framework.ReflectiveMethodInvocation.proceed(ReflectiveMethodInvocation.java:184)
	at org.springframework.data.projection.DefaultMethodInvokingMethodInterceptor.invoke(DefaultMethodInvokingMethodInterceptor.java:69)
	at org.springframework.aop.framework.ReflectiveMethodInvocation.proceed(ReflectiveMethodInvocation.java:184)
	at org.springframework.transaction.interceptor.TransactionAspectSupport.invokeWithinTransaction(TransactionAspectSupport.java:380)
	at org.springframework.transaction.interceptor.TransactionInterceptor.invoke(TransactionInterceptor.java:119)
	at org.springframework.aop.framework.ReflectiveMethodInvocation.proceed(ReflectiveMethodInvocation.java:184)
	at org.springframework.dao.support.PersistenceExceptionTranslationInterceptor.invoke(PersistenceExceptionTranslationInterceptor.java:138)
	at org.springframework.aop.framework.ReflectiveMethodInvocation.proceed(ReflectiveMethodInvocation.java:184)
	at org.springframework.data.jpa.repository.support.CrudMethodMetadataPostProcessor$CrudMethodMetadataPopulatingMethodInterceptor.invoke(CrudMethodMetadataPostProcessor.java:165)
	at org.springframework.aop.framework.ReflectiveMethodInvocation.proceed(ReflectiveMethodInvocation.java:184)
	at org.springframework.aop.framework.JdkDynamicAopProxy.invoke(JdkDynamicAopProxy.java:223)
	at jdk.proxy4/jdk.proxy4.$Proxy135.findById(Unknown Source)
	at com.mehmetvasfi.service.impl.UserService.getUsernameById(UserService.java:145)
	at com.mehmetvasfi.controller.impl.UserController.getUsernameById(UserController.java:104)
	at java.base/jdk.internal.reflect.NativeMethodAccessorImpl.invoke0(Native Method)
	at java.base/jdk.internal.reflect.NativeMethodAccessorImpl.invoke(NativeMethodAccessorImpl.java:77)
	at java.base/jdk.internal.reflect.DelegatingMethodAccessorImpl.invoke(DelegatingMethodAccessorImpl.java:43)
	at java.base/java.lang.reflect.Method.invoke(Method.java:568)
	at org.springframework.web.method.support.InvocableHandlerMethod.doInvoke(InvocableHandlerMethod.java:257)
	at org.springframework.web.method.support.InvocableHandlerMethod.invokeForRequest(InvocableHandlerMethod.java:190)
	at org.springframework.web.servlet.mvc.method.annotation.ServletInvocableHandlerMethod.invokeAndHandle(ServletInvocableHandlerMethod.java:118)
	at org.springframework.web.servlet.mvc.method.annotation.RequestMappingHandlerAdapter.invokeHandlerMethod(RequestMappingHandlerAdapter.java:986)
	at org.springframework.web.servlet.mvc.method.annotation.RequestMappingHandlerAdapter.handleInternal(RequestMappingHandlerAdapter.java:891)
	at org.springframework.web.servlet.mvc.method.AbstractHandlerMethodAdapter.handle(AbstractHandlerMethodAdapter.java:87)
	at org.springframework.web.servlet.DispatcherServlet.doDispatch(DispatcherServlet.java:1088)
	at org.springframework.web.servlet.DispatcherServlet.doService(DispatcherServlet.java:978)
	at org.springframework.web.servlet.FrameworkServlet.processRequest(FrameworkServlet.java:1014)
	at org.springframework.web.servlet.FrameworkServlet.doPost(FrameworkServlet.java:914)
	at jakarta.servlet.http.HttpServlet.service(HttpServlet.java:590)
	at org.springframework.web.servlet.FrameworkServlet.service(FrameworkServlet.java:885)
	at jakarta.servlet.http.HttpServlet.service(HttpServlet.java:658)
	at org.apache.catalina.core.ApplicationFilterChain.internalDoFilter(ApplicationFilterChain.java:195)
	at org.apache.catalina.core.ApplicationFilterChain.doFilter(ApplicationFilterChain.java:140)
	at org.apache.tomcat.websocket.server.WsFilter.doFilter(WsFilter.java:51)
	at org.apache.catalina.core.ApplicationFilterChain.internalDoFilter(ApplicationFilterChain.java:164)
	at org.apache.catalina.core.ApplicationFilterChain.doFilter(ApplicationFilterChain.java:140)
	at org.springframework.web.filter.RequestContextFilter.doFilterInternal(RequestContextFilter.java:100)
	at org.springframework.web.filter.OncePerRequestFilter.doFilter(OncePerRequestFilter.java:116)
	at org.apache.catalina.core.ApplicationFilterChain.internalDoFilter(ApplicationFilterChain.java:164)
	at org.apache.catalina.core.ApplicationFilterChain.doFilter(ApplicationFilterChain.java:140)
	at org.springframework.web.filter.FormContentFilter.doFilterInternal(FormContentFilter.java:93)
	at org.springframework.web.filter.OncePerRequestFilter.doFilter(OncePerRequestFilter.java:116)
	at org.apache.catalina.core.ApplicationFilterChain.internalDoFilter(ApplicationFilterChain.java:164)
	at org.apache.catalina.core.ApplicationFilterChain.doFilter(ApplicationFilterChain.java:140)
	at org.springframework.web.filter.CharacterEncodingFilter.doFilterInternal(CharacterEncodingFilter.java:201)
	at org.springframework.web.filter.OncePerRequestFilter.doFilter(OncePerRequestFilter.java:116)
	at org.apache.catalina.core.ApplicationFilterChain.internalDoFilter(ApplicationFilterChain.java:164)
	at org.apache.catalina.core.ApplicationFilterChain.doFilter(ApplicationFilterChain.java:140)
	at org.apache.catalina.core.StandardWrapperValve.invoke(StandardWrapperValve.java:167)
	at org.apache.catalina.core.StandardContextValve.invoke(StandardContextValve.java:90)
	at org.apache.catalina.authenticator.AuthenticatorBase.invoke(AuthenticatorBase.java:483)
	at org.apache.catalina.core.StandardHostValve.invoke(StandardHostValve.java:115)
	at org.apache.catalina.valves.ErrorReportValve.invoke(ErrorReportValve.java:93)
	at org.apache.catalina.core.StandardEngineValve.invoke(StandardEngineValve.java:74)
	at org.apache.catalina.connector.CoyoteAdapter.service(CoyoteAdapter.java:344)
	at org.apache.coyote.http11.Http11Processor.service(Http11Processor.java:397)
	at org.apache.coyote.AbstractProcessorLight.process(AbstractProcessorLight.java:63)
	at org.apache.coyote.AbstractProtocol$ConnectionHandler.process(AbstractProtocol.java:905)
	at org.apache.tomcat.util.net.NioEndpoint$SocketProcessor.doRun(NioEndpoint.java:1741)
	at org.apache.tomcat.util.net.SocketProcessorBase.run(SocketProcessorBase.java:52)
	at org.apache.tomcat.util.threads.ThreadPoolExecutor.runWorker(ThreadPoolExecutor.java:1190)
	at org.apache.tomcat.util.threads.ThreadPoolExecutor$Worker.run(ThreadPoolExecutor.java:659)
	at org.apache.tomcat.util.threads.TaskThread$WrappingRunnable.run(TaskThread.java:63)
	at java.base/java.lang.Thread.run(Thread.java:842)
2024-12-30 17:30:03 | Baslangic:  | Bitis:  | Tür:  | Kod:  | Durum:  | Kaynak:  | Veri Miktarý:  MB
java.lang.IllegalArgumentException: The given id must not be null
	at org.springframework.util.Assert.notNull(Assert.java:181)
	at org.springframework.data.jpa.repository.support.SimpleJpaRepository.findById(SimpleJpaRepository.java:311)
	at java.base/jdk.internal.reflect.NativeMethodAccessorImpl.invoke0(Native Method)
	at java.base/jdk.internal.reflect.NativeMethodAccessorImpl.invoke(NativeMethodAccessorImpl.java:77)
	at java.base/jdk.internal.reflect.DelegatingMethodAccessorImpl.invoke(DelegatingMethodAccessorImpl.java:43)
	at java.base/java.lang.reflect.Method.invoke(Method.java:568)
	at org.springframework.aop.support.AopUtils.invokeJoinpointUsingReflection(AopUtils.java:359)
	at org.springframework.data.repository.core.support.RepositoryMethodInvoker$RepositoryFragmentMethodInvoker.lambda$new$0(RepositoryMethodInvoker.java:277)
	at org.springframework.data.repository.core.support.RepositoryMethodInvoker.doInvoke(RepositoryMethodInvoker.java:170)
	at org.springframework.data.repository.core.support.RepositoryMethodInvoker.invoke(RepositoryMethodInvoker.java:158)
	at org.springframework.data.repository.core.support.RepositoryComposition$RepositoryFragments.invoke(RepositoryComposition.java:515)
	at org.springframework.data.repository.core.support.RepositoryComposition.invoke(RepositoryComposition.java:284)
	at org.springframework.data.repository.core.support.RepositoryFactorySupport$ImplementationMethodExecutionInterceptor.invoke(RepositoryFactorySupport.java:752)
	at org.springframework.aop.framework.ReflectiveMethodInvocation.proceed(ReflectiveMethodInvocation.java:184)
	at org.springframework.data.repository.core.support.QueryExecutorMethodInterceptor.doInvoke(QueryExecutorMethodInterceptor.java:174)
	at org.springframework.data.repository.core.support.QueryExecutorMethodInterceptor.invoke(QueryExecutorMethodInterceptor.java:149)
	at org.springframework.aop.framework.ReflectiveMethodInvocation.proceed(ReflectiveMethodInvocation.java:184)
	at org.springframework.data.projection.DefaultMethodInvokingMethodInterceptor.invoke(DefaultMethodInvokingMethodInterceptor.java:69)
	at org.springframework.aop.framework.ReflectiveMethodInvocation.proceed(ReflectiveMethodInvocation.java:184)
	at org.springframework.transaction.interceptor.TransactionAspectSupport.invokeWithinTransaction(TransactionAspectSupport.java:380)
	at org.springframework.transaction.interceptor.TransactionInterceptor.invoke(TransactionInterceptor.java:119)
	at org.springframework.aop.framework.ReflectiveMethodInvocation.proceed(ReflectiveMethodInvocation.java:184)
	at org.springframework.dao.support.PersistenceExceptionTranslationInterceptor.invoke(PersistenceExceptionTranslationInterceptor.java:138)
	at org.springframework.aop.framework.ReflectiveMethodInvocation.proceed(ReflectiveMethodInvocation.java:184)
	at org.springframework.data.jpa.repository.support.CrudMethodMetadataPostProcessor$CrudMethodMetadataPopulatingMethodInterceptor.invoke(CrudMethodMetadataPostProcessor.java:165)
	at org.springframework.aop.framework.ReflectiveMethodInvocation.proceed(ReflectiveMethodInvocation.java:184)
	at org.springframework.aop.framework.JdkDynamicAopProxy.invoke(JdkDynamicAopProxy.java:223)
	at jdk.proxy4/jdk.proxy4.$Proxy135.findById(Unknown Source)
	at com.mehmetvasfi.service.impl.UserService.getUsernameById(UserService.java:145)
	at com.mehmetvasfi.controller.impl.UserController.getUsernameById(UserController.java:104)
	at java.base/jdk.internal.reflect.NativeMethodAccessorImpl.invoke0(Native Method)
	at java.base/jdk.internal.reflect.NativeMethodAccessorImpl.invoke(NativeMethodAccessorImpl.java:77)
	at java.base/jdk.internal.reflect.DelegatingMethodAccessorImpl.invoke(DelegatingMethodAccessorImpl.java:43)
	at java.base/java.lang.reflect.Method.invoke(Method.java:568)
	at org.springframework.web.method.support.InvocableHandlerMethod.doInvoke(InvocableHandlerMethod.java:257)
	at org.springframework.web.method.support.InvocableHandlerMethod.invokeForRequest(InvocableHandlerMethod.java:190)
	at org.springframework.web.servlet.mvc.method.annotation.ServletInvocableHandlerMethod.invokeAndHandle(ServletInvocableHandlerMethod.java:118)
	at org.springframework.web.servlet.mvc.method.annotation.RequestMappingHandlerAdapter.invokeHandlerMethod(RequestMappingHandlerAdapter.java:986)
	at org.springframework.web.servlet.mvc.method.annotation.RequestMappingHandlerAdapter.handleInternal(RequestMappingHandlerAdapter.java:891)
	at org.springframework.web.servlet.mvc.method.AbstractHandlerMethodAdapter.handle(AbstractHandlerMethodAdapter.java:87)
	at org.springframework.web.servlet.DispatcherServlet.doDispatch(DispatcherServlet.java:1088)
	at org.springframework.web.servlet.DispatcherServlet.doService(DispatcherServlet.java:978)
	at org.springframework.web.servlet.FrameworkServlet.processRequest(FrameworkServlet.java:1014)
	at org.springframework.web.servlet.FrameworkServlet.doPost(FrameworkServlet.java:914)
	at jakarta.servlet.http.HttpServlet.service(HttpServlet.java:590)
	at org.springframework.web.servlet.FrameworkServlet.service(FrameworkServlet.java:885)
	at jakarta.servlet.http.HttpServlet.service(HttpServlet.java:658)
	at org.apache.catalina.core.ApplicationFilterChain.internalDoFilter(ApplicationFilterChain.java:195)
	at org.apache.catalina.core.ApplicationFilterChain.doFilter(ApplicationFilterChain.java:140)
	at org.apache.tomcat.websocket.server.WsFilter.doFilter(WsFilter.java:51)
	at org.apache.catalina.core.ApplicationFilterChain.internalDoFilter(ApplicationFilterChain.java:164)
	at org.apache.catalina.core.ApplicationFilterChain.doFilter(ApplicationFilterChain.java:140)
	at org.springframework.web.filter.RequestContextFilter.doFilterInternal(RequestContextFilter.java:100)
	at org.springframework.web.filter.OncePerRequestFilter.doFilter(OncePerRequestFilter.java:116)
	at org.apache.catalina.core.ApplicationFilterChain.internalDoFilter(ApplicationFilterChain.java:164)
	at org.apache.catalina.core.ApplicationFilterChain.doFilter(ApplicationFilterChain.java:140)
	at org.springframework.web.filter.FormContentFilter.doFilterInternal(FormContentFilter.java:93)
	at org.springframework.web.filter.OncePerRequestFilter.doFilter(OncePerRequestFilter.java:116)
	at org.apache.catalina.core.ApplicationFilterChain.internalDoFilter(ApplicationFilterChain.java:164)
	at org.apache.catalina.core.ApplicationFilterChain.doFilter(ApplicationFilterChain.java:140)
	at org.springframework.web.filter.CharacterEncodingFilter.doFilterInternal(CharacterEncodingFilter.java:201)
	at org.springframework.web.filter.OncePerRequestFilter.doFilter(OncePerRequestFilter.java:116)
	at org.apache.catalina.core.ApplicationFilterChain.internalDoFilter(ApplicationFilterChain.java:164)
	at org.apache.catalina.core.ApplicationFilterChain.doFilter(ApplicationFilterChain.java:140)
	at org.apache.catalina.core.StandardWrapperValve.invoke(StandardWrapperValve.java:167)
	at org.apache.catalina.core.StandardContextValve.invoke(StandardContextValve.java:90)
	at org.apache.catalina.authenticator.AuthenticatorBase.invoke(AuthenticatorBase.java:483)
	at org.apache.catalina.core.StandardHostValve.invoke(StandardHostValve.java:115)
	at org.apache.catalina.valves.ErrorReportValve.invoke(ErrorReportValve.java:93)
	at org.apache.catalina.core.StandardEngineValve.invoke(StandardEngineValve.java:74)
	at org.apache.catalina.connector.CoyoteAdapter.service(CoyoteAdapter.java:344)
	at org.apache.coyote.http11.Http11Processor.service(Http11Processor.java:397)
	at org.apache.coyote.AbstractProcessorLight.process(AbstractProcessorLight.java:63)
	at org.apache.coyote.AbstractProtocol$ConnectionHandler.process(AbstractProtocol.java:905)
	at org.apache.tomcat.util.net.NioEndpoint$SocketProcessor.doRun(NioEndpoint.java:1741)
	at org.apache.tomcat.util.net.SocketProcessorBase.run(SocketProcessorBase.java:52)
	at org.apache.tomcat.util.threads.ThreadPoolExecutor.runWorker(ThreadPoolExecutor.java:1190)
	at org.apache.tomcat.util.threads.ThreadPoolExecutor$Worker.run(ThreadPoolExecutor.java:659)
	at org.apache.tomcat.util.threads.TaskThread$WrappingRunnable.run(TaskThread.java:63)
	at java.base/java.lang.Thread.run(Thread.java:842)
2024-12-30 17:30:12 | Baslangic:  | Bitis:  | Tür:  | Kod:  | Durum:  | Kaynak:  | Veri Miktarý:  MB
2024-12-30 17:30:12 | Baslangic:  | Bitis:  | Tür:  | Kod:  | Durum:  | Kaynak:  | Veri Miktarý:  MB
2024-12-30 17:30:12 | Baslangic:  | Bitis:  | Tür:  | Kod:  | Durum:  | Kaynak:  | Veri Miktarý:  MB
2024-12-30 17:30:12 | Baslangic:  | Bitis:  | Tür:  | Kod:  | Durum:  | Kaynak:  | Veri Miktarý:  MB
2024-12-30 17:30:12 | Baslangic:  | Bitis:  | Tür:  | Kod:  | Durum:  | Kaynak:  | Veri Miktarý:  MB
2024-12-30 17:30:12 | Baslangic:  | Bitis:  | Tür:  | Kod:  | Durum:  | Kaynak:  | Veri Miktarý:  MB
2024-12-30 17:30:12 | Baslangic:  | Bitis:  | Tür:  | Kod:  | Durum:  | Kaynak:  | Veri Miktarý:  MB
2024-12-30 17:30:12 | Baslangic:  | Bitis:  | Tür:  | Kod:  | Durum:  | Kaynak:  | Veri Miktarý:  MB
2024-12-30 17:30:12 | Baslangic:  | Bitis:  | Tür:  | Kod:  | Durum:  | Kaynak:  | Veri Miktarý:  MB
2024-12-30 17:30:12 | Baslangic:  | Bitis:  | Tür:  | Kod:  | Durum:  | Kaynak:  | Veri Miktarý:  MB
2024-12-30 17:30:12 | Baslangic:  | Bitis:  | Tür:  | Kod:  | Durum:  | Kaynak:  | Veri Miktarý:  MB
2024-12-30 17:30:12 | Baslangic:  | Bitis:  | Tür:  | Kod:  | Durum:  | Kaynak:  | Veri Miktarý:  MB
2024-12-30 17:30:12 | Baslangic:  | Bitis:  | Tür:  | Kod:  | Durum:  | Kaynak:  | Veri Miktarý:  MB
2024-12-30 17:30:12 | Baslangic:  | Bitis:  | Tür:  | Kod:  | Durum:  | Kaynak:  | Veri Miktarý:  MB
2024-12-30 17:30:12 | Baslangic:  | Bitis:  | Tür:  | Kod:  | Durum:  | Kaynak:  | Veri Miktarý:  MB
2024-12-30 17:30:12 | Baslangic:  | Bitis:  | Tür:  | Kod:  | Durum:  | Kaynak:  | Veri Miktarý:  MB
2024-12-30 17:30:12 | Baslangic:  | Bitis:  | Tür:  | Kod:  | Durum:  | Kaynak:  | Veri Miktarý:  MB
2024-12-30 17:30:12 | Baslangic:  | Bitis:  | Tür:  | Kod:  | Durum:  | Kaynak:  | Veri Miktarý:  MB
2024-12-30 17:30:12 | Baslangic:  | Bitis:  | Tür:  | Kod:  | Durum:  | Kaynak:  | Veri Miktarý:  MB
2024-12-30 17:30:12 | Baslangic:  | Bitis:  | Tür:  | Kod:  | Durum:  | Kaynak:  | Veri Miktarý:  MB
2024-12-30 17:30:12 | Baslangic:  | Bitis:  | Tür:  | Kod:  | Durum:  | Kaynak:  | Veri Miktarý:  MB
2024-12-30 17:30:12 | Baslangic:  | Bitis:  | Tür:  | Kod:  | Durum:  | Kaynak:  | Veri Miktarý:  MB
2024-12-30 17:30:12 | Baslangic:  | Bitis:  | Tür:  | Kod:  | Durum:  | Kaynak:  | Veri Miktarý:  MB
2024-12-30 17:30:12 | Baslangic:  | Bitis:  | Tür:  | Kod:  | Durum:  | Kaynak:  | Veri Miktarý:  MB
2024-12-30 17:30:12 | Baslangic:  | Bitis:  | Tür:  | Kod:  | Durum:  | Kaynak:  | Veri Miktarý:  MB
2024-12-30 17:30:12 | Baslangic:  | Bitis:  | Tür:  | Kod:  | Durum:  | Kaynak:  | Veri Miktarý:  MB
2024-12-30 17:30:12 | Baslangic:  | Bitis:  | Tür:  | Kod:  | Durum:  | Kaynak:  | Veri Miktarý:  MB
2024-12-30 17:30:13 | Baslangic:  | Bitis:  | Tür:  | Kod:  | Durum:  | Kaynak:  | Veri Miktarý:  MB
2024-12-30 17:30:13 | Baslangic:  | Bitis:  | Tür:  | Kod:  | Durum:  | Kaynak:  | Veri Miktarý:  MB
2024-12-30 17:30:13 | Baslangic:  | Bitis:  | Tür:  | Kod:  | Durum:  | Kaynak:  | Veri Miktarý:  MB
2024-12-30 17:30:13 | Baslangic:  | Bitis:  | Tür:  | Kod:  | Durum:  | Kaynak:  | Veri Miktarý:  MB
2024-12-30 17:30:13 | Baslangic:  | Bitis:  | Tür:  | Kod:  | Durum:  | Kaynak:  | Veri Miktarý:  MB
2024-12-30 17:30:13 | Baslangic:  | Bitis:  | Tür:  | Kod:  | Durum:  | Kaynak:  | Veri Miktarý:  MB
2024-12-30 17:58:54 | Baslangic:  | Bitis:  | Tür:  | Kod:  | Durum:  | Kaynak:  | Veri Miktarý:  MB
2024-12-30 18:01:42 | Baslangic:  | Bitis:  | Tür:  | Kod:  | Durum:  | Kaynak:  | Veri Miktarý:  MB
2024-12-30 18:01:42 | Baslangic:  | Bitis:  | Tür:  | Kod:  | Durum:  | Kaynak:  | Veri Miktarý:  MB
2024-12-30 18:01:42 | Baslangic:  | Bitis:  | Tür:  | Kod:  | Durum:  | Kaynak:  | Veri Miktarý:  MB
2024-12-30 18:01:42 | Baslangic:  | Bitis:  | Tür:  | Kod:  | Durum:  | Kaynak:  | Veri Miktarý:  MB
2024-12-30 18:01:42 | Baslangic:  | Bitis:  | Tür:  | Kod:  | Durum:  | Kaynak:  | Veri Miktarý:  MB
2024-12-30 18:22:53 | Baslangic:  | Bitis:  | Tür:  | Kod:  | Durum:  | Kaynak:  | Veri Miktarý:  MB
2024-12-30 18:22:53 | Baslangic:  | Bitis:  | Tür:  | Kod:  | Durum:  | Kaynak:  | Veri Miktarý:  MB
2024-12-30 18:22:53 | Baslangic:  | Bitis:  | Tür:  | Kod:  | Durum:  | Kaynak:  | Veri Miktarý:  MB
2024-12-30 18:22:53 | Baslangic:  | Bitis:  | Tür:  | Kod:  | Durum:  | Kaynak:  | Veri Miktarý:  MB
2024-12-30 18:22:53 | Baslangic:  | Bitis:  | Tür:  | Kod:  | Durum:  | Kaynak:  | Veri Miktarý:  MB
2024-12-30 18:22:53 | Baslangic:  | Bitis:  | Tür:  | Kod:  | Durum:  | Kaynak:  | Veri Miktarý:  MB
2024-12-30 18:22:54 | Baslangic:  | Bitis:  | Tür:  | Kod:  | Durum:  | Kaynak:  | Veri Miktarý:  MB
2024-12-30 18:22:54 | Baslangic:  | Bitis:  | Tür:  | Kod:  | Durum:  | Kaynak:  | Veri Miktarý:  MB
2024-12-30 18:22:54 | Baslangic:  | Bitis:  | Tür:  | Kod:  | Durum:  | Kaynak:  | Veri Miktarý:  MB
2024-12-30 18:22:54 | Baslangic:  | Bitis:  | Tür:  | Kod:  | Durum:  | Kaynak:  | Veri Miktarý:  MB
2024-12-30 18:22:54 | Baslangic:  | Bitis:  | Tür:  | Kod:  | Durum:  | Kaynak:  | Veri Miktarý:  MB
2024-12-30 18:22:54 | Baslangic:  | Bitis:  | Tür:  | Kod:  | Durum:  | Kaynak:  | Veri Miktarý:  MB
2024-12-30 18:22:54 | Baslangic:  | Bitis:  | Tür:  | Kod:  | Durum:  | Kaynak:  | Veri Miktarý:  MB
2024-12-30 18:22:55 | Baslangic:  | Bitis:  | Tür:  | Kod:  | Durum:  | Kaynak:  | Veri Miktarý:  MB
2024-12-30 18:22:55 | Baslangic:  | Bitis:  | Tür:  | Kod:  | Durum:  | Kaynak:  | Veri Miktarý:  MB
2024-12-30 18:22:55 | Baslangic:  | Bitis:  | Tür:  | Kod:  | Durum:  | Kaynak:  | Veri Miktarý:  MB
2024-12-30 18:22:55 | Baslangic:  | Bitis:  | Tür:  | Kod:  | Durum:  | Kaynak:  | Veri Miktarý:  MB
2024-12-30 18:22:55 | Baslangic:  | Bitis:  | Tür:  | Kod:  | Durum:  | Kaynak:  | Veri Miktarý:  MB
2024-12-30 18:22:55 | Baslangic:  | Bitis:  | Tür:  | Kod:  | Durum:  | Kaynak:  | Veri Miktarý:  MB
2024-12-30 18:22:55 | Baslangic:  | Bitis:  | Tür:  | Kod:  | Durum:  | Kaynak:  | Veri Miktarý:  MB
2024-12-30 18:22:56 | Baslangic:  | Bitis:  | Tür:  | Kod:  | Durum:  | Kaynak:  | Veri Miktarý:  MB
2024-12-30 18:22:56 | Baslangic:  | Bitis:  | Tür:  | Kod:  | Durum:  | Kaynak:  | Veri Miktarý:  MB
2024-12-30 18:22:57 | Baslangic:  | Bitis:  | Tür:  | Kod:  | Durum:  | Kaynak:  | Veri Miktarý:  MB
2024-12-30 18:22:57 | Baslangic:  | Bitis:  | Tür:  | Kod:  | Durum:  | Kaynak:  | Veri Miktarý:  MB
2024-12-30 18:22:57 | Baslangic:  | Bitis:  | Tür:  | Kod:  | Durum:  | Kaynak:  | Veri Miktarý:  MB
2024-12-30 18:22:57 | Baslangic:  | Bitis:  | Tür:  | Kod:  | Durum:  | Kaynak:  | Veri Miktarý:  MB
2024-12-30 18:22:57 | Baslangic:  | Bitis:  | Tür:  | Kod:  | Durum:  | Kaynak:  | Veri Miktarý:  MB
2024-12-30 18:22:57 | Baslangic:  | Bitis:  | Tür:  | Kod:  | Durum:  | Kaynak:  | Veri Miktarý:  MB
2024-12-30 18:22:57 | Baslangic:  | Bitis:  | Tür:  | Kod:  | Durum:  | Kaynak:  | Veri Miktarý:  MB
org.springframework.beans.factory.BeanCreationException: Error creating bean with name 'fileWatcherService' defined in file [C:\Users\mvturkmen\Desktop\spring_boot_ws\dosya-yoneticisi-rest-api\target\classes\com\mehmetvasfi\service\FileWatcherService.class]: Unexpected exception during bean creation
	at org.springframework.beans.factory.support.AbstractAutowireCapableBeanFactory.createBean(AbstractAutowireCapableBeanFactory.java:536)
	at org.springframework.beans.factory.support.AbstractBeanFactory.lambda$doGetBean$0(AbstractBeanFactory.java:336)
	at org.springframework.beans.factory.support.DefaultSingletonBeanRegistry.getSingleton(DefaultSingletonBeanRegistry.java:289)
	at org.springframework.beans.factory.support.AbstractBeanFactory.doGetBean(AbstractBeanFactory.java:334)
	at org.springframework.beans.factory.support.AbstractBeanFactory.getBean(AbstractBeanFactory.java:199)
	at org.springframework.beans.factory.support.DefaultListableBeanFactory.instantiateSingleton(DefaultListableBeanFactory.java:1122)
	at org.springframework.beans.factory.support.DefaultListableBeanFactory.preInstantiateSingleton(DefaultListableBeanFactory.java:1093)
	at org.springframework.beans.factory.support.DefaultListableBeanFactory.preInstantiateSingletons(DefaultListableBeanFactory.java:1030)
	at org.springframework.context.support.AbstractApplicationContext.finishBeanFactoryInitialization(AbstractApplicationContext.java:987)
	at org.springframework.context.support.AbstractApplicationContext.refresh(AbstractApplicationContext.java:627)
	at org.springframework.boot.web.servlet.context.ServletWebServerApplicationContext.refresh(ServletWebServerApplicationContext.java:146)
	at org.springframework.boot.SpringApplication.refresh(SpringApplication.java:752)
	at org.springframework.boot.SpringApplication.refreshContext(SpringApplication.java:439)
	at org.springframework.boot.SpringApplication.run(SpringApplication.java:318)
	at org.springframework.boot.SpringApplication.run(SpringApplication.java:1361)
	at org.springframework.boot.SpringApplication.run(SpringApplication.java:1350)
	at com.mehmetvasfi.starter.DosyaYoneticisiRestApiApplication.main(DosyaYoneticisiRestApiApplication.java:21)
	at java.base/jdk.internal.reflect.NativeMethodAccessorImpl.invoke0(Native Method)
	at java.base/jdk.internal.reflect.NativeMethodAccessorImpl.invoke(NativeMethodAccessorImpl.java:77)
	at java.base/jdk.internal.reflect.DelegatingMethodAccessorImpl.invoke(DelegatingMethodAccessorImpl.java:43)
	at java.base/java.lang.reflect.Method.invoke(Method.java:568)
	at org.springframework.boot.devtools.restart.RestartLauncher.run(RestartLauncher.java:50)
Caused by: org.springframework.util.PlaceholderResolutionException: Could not resolve placeholder 'watch.directory' in value "${watch.directory}"
	at org.springframework.util.PlaceholderResolutionException.withValue(PlaceholderResolutionException.java:81)
	at org.springframework.util.PlaceholderParser$ParsedValue.resolve(PlaceholderParser.java:416)
	at org.springframework.util.PlaceholderParser.replacePlaceholders(PlaceholderParser.java:128)
	at org.springframework.util.PropertyPlaceholderHelper.parseStringValue(PropertyPlaceholderHelper.java:118)
	at org.springframework.util.PropertyPlaceholderHelper.replacePlaceholders(PropertyPlaceholderHelper.java:114)
	at org.springframework.core.env.AbstractPropertyResolver.doResolvePlaceholders(AbstractPropertyResolver.java:255)
	at org.springframework.core.env.AbstractPropertyResolver.resolveRequiredPlaceholders(AbstractPropertyResolver.java:226)
	at org.springframework.context.support.PropertySourcesPlaceholderConfigurer.lambda$processProperties$0(PropertySourcesPlaceholderConfigurer.java:201)
	at org.springframework.beans.factory.support.AbstractBeanFactory.resolveEmbeddedValue(AbstractBeanFactory.java:963)
	at org.springframework.beans.factory.support.DefaultListableBeanFactory.doResolveDependency(DefaultListableBeanFactory.java:1541)
	at org.springframework.beans.factory.support.DefaultListableBeanFactory.resolveDependency(DefaultListableBeanFactory.java:1519)
	at org.springframework.beans.factory.support.ConstructorResolver.resolveAutowiredArgument(ConstructorResolver.java:913)
	at org.springframework.beans.factory.support.ConstructorResolver.createArgumentArray(ConstructorResolver.java:791)
	at org.springframework.beans.factory.support.ConstructorResolver.autowireConstructor(ConstructorResolver.java:240)
	at org.springframework.beans.factory.support.AbstractAutowireCapableBeanFactory.autowireConstructor(AbstractAutowireCapableBeanFactory.java:1377)
	at org.springframework.beans.factory.support.AbstractAutowireCapableBeanFactory.createBeanInstance(AbstractAutowireCapableBeanFactory.java:1214)
	at org.springframework.beans.factory.support.AbstractAutowireCapableBeanFactory.doCreateBean(AbstractAutowireCapableBeanFactory.java:563)
	at org.springframework.beans.factory.support.AbstractAutowireCapableBeanFactory.createBean(AbstractAutowireCapableBeanFactory.java:523)
	... 21 common frames omitted
