2024-12-30 19:40:39 - Starting DosyaYoneticisiRestApiApplication using Java 17.0.12 with PID 5024 (C:\Users\mvturkmen\Desktop\spring_boot_ws\dosya-yoneticisi-rest-api\target\classes started by mvturkmen in C:\Users\mvturkmen\Desktop\spring_boot_ws\dosya-yoneticisi-rest-api)
2024-12-30 19:40:39 - No active profile set, falling back to 1 default profile: "default"
2024-12-30 19:40:39 - Bootstrapping Spring Data JPA repositories in DEFAULT mode.
2024-12-30 19:40:39 - Finished Spring Data repository scanning in 12 ms. Found 4 JPA repository interfaces.
2024-12-30 19:40:39 - Tomcat initialized with port 8080 (http)
2024-12-30 19:40:39 - Initializing ProtocolHandler ["http-nio-8080"]
2024-12-30 19:40:39 - Starting service [Tomcat]
2024-12-30 19:40:39 - Starting Servlet engine: [Apache Tomcat/10.1.34]
2024-12-30 19:40:39 - Initializing Spring embedded WebApplicationContext
2024-12-30 19:40:39 - Root WebApplicationContext: initialization completed in 201 ms
2024-12-30 19:40:39 - HHH000204: Processing PersistenceUnitInfo [name: default]
2024-12-30 19:40:39 - HHH000026: Second-level cache disabled
2024-12-30 19:40:39 - No LoadTimeWeaver setup: ignoring JPA class transformer
2024-12-30 19:40:39 - HikariPool-19 - Starting...
2024-12-30 19:40:39 - HikariPool-19 - Added connection org.postgresql.jdbc.PgConnection@23a55fd6
2024-12-30 19:40:39 - HikariPool-19 - Start completed.
2024-12-30 19:40:39 - HHH10001005: Database info:
	Database JDBC URL [Connecting through datasource 'HikariDataSource (HikariPool-19)']
	Database driver: undefined/unknown
	Database version: 14.15
	Autocommit mode: undefined/unknown
	Isolation level: undefined/unknown
	Minimum pool size: undefined/unknown
	Maximum pool size: undefined/unknown
2024-12-30 19:40:39 - HHH000489: No JTA platform available (set 'hibernate.transaction.jta.platform' to enable JTA platform integration)
2024-12-30 19:40:39 - Initialized JPA EntityManagerFactory for persistence unit 'default'
2024-12-30 19:40:39 - spring.jpa.open-in-view is enabled by default. Therefore, database queries may be performed during view rendering. Explicitly configure spring.jpa.open-in-view to disable this warning
2024-12-30 19:40:39 - LiveReload server is running on port 35729
2024-12-30 19:40:39 - Starting ProtocolHandler ["http-nio-8080"]
2024-12-30 19:40:39 - Tomcat started on port 8080 (http) with context path '/'
2024-12-30 19:40:39 - Started DosyaYoneticisiRestApiApplication in 0.484 seconds (process running for 4341.872)
2024-12-30 19:40:39 - Condition evaluation unchanged
2024-12-30 19:40:56 - Commencing graceful shutdown. Waiting for active requests to complete
2024-12-30 19:40:56 - Graceful shutdown complete
2024-12-30 19:40:56 - Closing JPA EntityManagerFactory for persistence unit 'default'
2024-12-30 19:40:56 - HikariPool-19 - Shutdown initiated...
2024-12-30 19:40:56 - HikariPool-19 - Shutdown completed.
